

> dashboard@0.1.0 build
> next build

▲ Next.js 16.2.6 (Turbopack)
- Environments: .env.local

  Creating an optimized production build ...
✓ Compiled successfully in 2.4s
  Finished TypeScript in 2.1s    ✓ Finished TypeScript in 2.1s 
  Collecting page data using 9 workers in 452ms    ✓ Collecting page data using 9 workers in 452ms 
✓ Generating static pages using 9 workers (22/22) in 222ms
  Finalizing page optimization in 222ms    ✓ Finalizing page optimization in 222ms 

Route (app)
┌ ○ /
├ ○ /_not-found
├ ƒ /api/settings
├ ƒ /api/shopify/callback
├ ƒ /api/shopify/connect
├ ƒ /api/shopify/oauth
├ ƒ /api/store/customers
├ ƒ /api/store/customers/[id]
├ ƒ /api/store/insights
├ ƒ /api/store/orders
├ ƒ /api/store/personas
├ ƒ /api/store/products
├ ƒ /api/store/stats
├ ○ /dashboard
├ ○ /dashboard/analytics
├ ○ /dashboard/customers
├ ƒ /dashboard/customers/[id]
├ ○ /dashboard/integrations
├ ○ /dashboard/orders
├ ○ /dashboard/products
├ ○ /dashboard/settings
├ ○ /onboarding
├ ƒ /sign-in/[[...sign-in]]
└ ƒ /sign-up/[[...sign-up]]


ƒ Proxy (Middleware)

○  (Static)   prerendered as static content
ƒ  (Dynamic)  server-rendered on demand

